-------------------------------------------------------------------------------
Test set: com.sangeng.TestComment
-------------------------------------------------------------------------------
Tests run: 1, Failures: 1, Errors: 0, Skipped: 0, Time elapsed: 0.004 sec <<< FAILURE!
com.sangeng.TestComment.testComment()  Time elapsed: 0.004 sec  <<< FAILURE!
java.lang.NullPointerException
	at com.sangeng.TestComment.testComment(TestComment.java:16)

